<?xml version="1.0" encoding="UTF-8"?>
<!-- Generated by org.testng.reporters.JUnitReportReporter -->
<testsuite hostname="DESKTOP-J7VGB0L" failures="0" tests="1" name="Demo.JenkinsTest" time="13.833" errors="0" timestamp="2025-04-19T19:51:25 IST" skipped="0">
  <testcase classname="Demo.JenkinsTest" name="m1" time="13.833"/>
</testsuite> <!-- Demo.JenkinsTest -->
